\BOOKMARK [1][-]{section.1}{\376\377\000G\0000\000W\0000\000\040\000w\000i\000t\000h\000\040\000k\000-\000p\000o\000i\000n\000t\000s\000:\000\040\0001\0001\000/\0009}{}% 1
\BOOKMARK [2][-]{subsection.1.1}{\376\377\000F\000u\000l\000l\000y\000\040\000a\000n\000a\000l\000y\000t\000i\000c}{section.1}% 2
\BOOKMARK [2][-]{subsection.1.2}{\376\377\000A\000n\000a\000l\000y\000t\000i\000c\000\040\000c\000o\000n\000t\000i\000n\000u\000a\000t\000i\000o\000n}{section.1}% 3
\BOOKMARK [3][-]{subsubsection.1.2.1}{\376\377\000S\000c\000r\000e\000e\000n\000e\000d\000\040\000C\000o\000u\000l\000o\000m\000b\000\040\000I\000n\000t\000e\000r\000a\000c\000t\000i\000o\000n}{subsection.1.2}% 4
\BOOKMARK [1][-]{section.2}{\376\377\000G\0000\000W\0000\000\040\000D\000e\000r\000i\000v\000a\000t\000i\000o\000n\000:\000\040\0001\0001\000/\0001\0006}{}% 5
\BOOKMARK [2][-]{subsection.2.1}{\376\377\000J\000u\000s\000t\000\040\000t\000h\000e\000\040\000f\000o\000r\000m\000u\000l\000a\000s}{section.2}% 6
\BOOKMARK [2][-]{subsection.2.2}{\376\377\000F\000r\000o\000m\000\040\000s\000c\000r\000a\000t\000c\000h}{section.2}% 7
\BOOKMARK [3][-]{subsubsection.2.2.1}{\376\377\000O\000c\000c\000u\000p\000i\000e\000d\000\040\000i\000n\000d\000e\000x\000\040\000k}{subsection.2.2}% 8
\BOOKMARK [3][-]{subsubsection.2.2.2}{\376\377\000V\000i\000r\000t\000u\000a\000l\000\040\000i\000n\000d\000e\000x\000\040\000c}{subsection.2.2}% 9
\BOOKMARK [3][-]{subsubsection.2.2.3}{\376\377\000E\000q\000u\000i\000v\000a\000l\000e\000n\000c\000e\000\040\000t\000o\000\040\000p\000r\000e\000v\000i\000o\000u\000s\000\040\000f\000o\000r\000m}{subsection.2.2}% 10
\BOOKMARK [1][-]{section.3}{\376\377\000D\000e\000r\000i\000v\000i\000n\000g\000\040\000l\000i\000n\000e\000a\000r\000\040\000r\000e\000s\000p\000o\000n\000s\000e\000:\000\040\0001\0001\000/\0002\0002}{}% 11
\BOOKMARK [2][-]{subsection.3.1}{\376\377\000T\000h\000e\000\040\000F\000u\000n\000d\000a\000m\000e\000n\000t\000a\000l\000s}{section.3}% 12
\BOOKMARK [2][-]{subsection.3.2}{\376\377\000I\000n\000t\000r\000o\000d\000u\000c\000t\000i\000o\000n\000\040\000t\000o\000\040\000T\000D\000K\000S}{section.3}% 13
\BOOKMARK [2][-]{subsection.3.3}{\376\377\000D\000e\000n\000s\000i\000t\000y\000\040\000M\000a\000t\000r\000i\000x\000\040\000F\000o\000r\000m\000u\000l\000a\000t\000i\000o\000n\000\040\000i\000n\000\040\000T\000D\000K\000S\000\040\000T\000h\000e\000o\000r\000y}{section.3}% 14
\BOOKMARK [2][-]{subsection.3.4}{\376\377\000G\0000\000W\0000\000\040\000A\000C\000\040\000a\000t\000\040\000\040\000p\000o\000i\000n\000t}{section.3}% 15
\BOOKMARK [1][-]{section.4}{\376\377\000P\000r\000o\000v\000i\000n\000g\000\040\000R\000P\000A\000=\0000\0001\000-\000v\0000\000:\000\040\0001\0001\000/\0002\0009}{}% 16
\BOOKMARK [2][-]{subsection.4.1}{\376\377\000T\000r\000y\000i\000n\000g\000\040\000d\000i\000r\000e\000c\000t\000\040\000e\000v\000a\000l\000u\000a\000t\000i\000o\000n}{section.4}% 17
\BOOKMARK [2][-]{subsection.4.2}{\376\377\000H\000o\000w\000\040\000t\000o\000\040\000d\000e\000t\000e\000r\000m\000i\000n\000e\000\040\000t\000h\000e\000\040\000e\000x\000c\000i\000t\000a\000t\000i\000o\000n\000s\000?}{section.4}% 18
\BOOKMARK [1][-]{appendix.A}{\376\377\000D\000e\000r\000i\000v\000a\000t\000i\000o\000n\000s}{}% 19
\BOOKMARK [2][-]{subsection.A.1}{\376\377\000D\000e\000n\000s\000i\000t\000y\000\040\000m\000a\000t\000r\000i\000x\000\040\000i\000d\000e\000m\000p\000o\000t\000e\000n\000c\000y}{appendix.A}% 20
\BOOKMARK [2][-]{subsection.A.2}{\376\377\000D\000e\000n\000s\000i\000t\000y\000\040\000m\000a\000t\000r\000i\000x\000\040\000t\000i\000m\000e\000\040\000e\000v\000o\000l\000u\000t\000i\000o\000n}{appendix.A}% 21
\BOOKMARK [2][-]{subsection.A.3}{\376\377\000F\000o\000u\000r\000i\000e\000r\000\040\000T\000r\000a\000n\000s\000f\000o\000r\000m\000\040\000S\000y\000m\000m\000e\000t\000r\000y\000\040\000f\000o\000r\000\040\000R\000e\000a\000l\000\040\000F\000u\000n\000c\000t\000i\000o\000n\000s}{appendix.A}% 22
\BOOKMARK [2][-]{subsection.A.4}{\376\377\000F\000i\000r\000s\000t\000-\000O\000r\000d\000e\000r\000\040\000R\000e\000s\000p\000o\000n\000s\000e\000\040\000o\000f\000\040\000a\000n\000\040\000O\000b\000s\000e\000r\000v\000a\000b\000l\000e\000\040\000t\000o\000\040\000E\000x\000t\000e\000r\000n\000a\000l\000\040\000P\000e\000r\000t\000u\000r\000b\000a\000t\000i\000o\000n\000s}{appendix.A}% 23
\BOOKMARK [2][-]{subsection.A.5}{\376\377\000T\000a\000y\000l\000o\000r\000\040\000E\000x\000p\000a\000n\000s\000i\000o\000n\000\040\000o\000f\000\040\000I\000d\000e\000m\000p\000o\000t\000e\000n\000c\000y\000\040\000C\000o\000n\000s\000t\000r\000a\000i\000n\000t\000\040\000i\000n\000\040\000P\000e\000r\000t\000u\000r\000b\000a\000t\000i\000o\000n\000\040\000S\000t\000r\000e\000n\000g\000t\000h\000\040\000\040\000t\000o\000\040\000f\000i\000r\000s\000t\000\040\000o\000r\000d\000e\000r}{appendix.A}% 24
